<?xml version="1.0" encoding="UTF-8"?>
<testng-results ignored="0" total="1" passed="1" failed="0" skipped="0">
  <reporter-output>
  </reporter-output>
  <suite started-at="2024-06-24T22:23:49 IST" name="Suite" finished-at="2024-06-24T22:23:49 IST" duration-ms="216">
    <groups>
    </groups>
    <test started-at="2024-06-24T22:23:49 IST" name="Test" finished-at="2024-06-24T22:23:49 IST" duration-ms="216">
      <class name="hello.sampleTest">
        <test-method signature="test_Sample()[pri:0, instance:hello.sampleTest@d5b810e]" started-at="2024-06-24T22:23:49 IST" name="test_Sample" finished-at="2024-06-24T22:23:49 IST" duration-ms="31" status="PASS">
          <reporter-output>
          </reporter-output>
        </test-method> <!-- test_Sample -->
      </class> <!-- hello.sampleTest -->
    </test> <!-- Test -->
  </suite> <!-- Suite -->
</testng-results>
